Importer Log Report
Document: C:\Users\halvo\OneDrive\Documents\FPAA\Design\Circuit_board\FPAA_minidev\FPAA_minidev.kicad_sch
    Section : Loading Schematic - C:\Users\halvo\OneDrive\Documents\FPAA\Design\Circuit_board\FPAA_minidev\FPAA_minidev.kicad_sch
        Warning: Unknown child generator_version of kicad_sch.
        Warning: Unknown child exclude_from_sim of symbol.
        Warning: Unknown child embedded_fonts of symbol.
        Warning: Unknown child exclude_from_sim of symbol.
        Warning: Unknown child embedded_fonts of symbol.
        Warning: Unknown child exclude_from_sim of symbol.
        Warning: Unknown child embedded_fonts of symbol.
        Warning: Unknown child exclude_from_sim of symbol.
        Warning: Unknown child embedded_fonts of symbol.
        Warning: Unknown child exclude_from_sim of symbol.
        Warning: Unknown child embedded_fonts of symbol.
        Warning: Unknown child exclude_from_sim of symbol.
        Warning: Unknown child hide of pin.
        Warning: Unknown child embedded_fonts of symbol.
        Warning: Unknown child exclude_from_sim of symbol.
        Warning: Unknown child embedded_fonts of symbol.
        Warning: Unknown child exclude_from_sim of symbol.
        Warning: Unknown child embedded_fonts of symbol.
        Warning: Unknown child exclude_from_sim of symbol.
        Warning: Unknown child embedded_fonts of symbol.
        Warning: Unknown child exclude_from_sim of symbol.
        Warning: Unknown child exclude_from_sim of symbol.
        Warning: Unknown child exclude_from_sim of symbol.
        Warning: Unknown child exclude_from_sim of symbol.
        Warning: Unknown child exclude_from_sim of symbol.
        Warning: Unknown child exclude_from_sim of symbol.
        Warning: Unknown child exclude_from_sim of symbol.
        Warning: Unknown child exclude_from_sim of symbol.
        Warning: Unknown child exclude_from_sim of symbol.
        Warning: Unknown child exclude_from_sim of symbol.
        Warning: Unknown child exclude_from_sim of symbol.
        Warning: Unknown child exclude_from_sim of symbol.
        Warning: Unknown child exclude_from_sim of symbol.
        Warning: Unknown child exclude_from_sim of symbol.
        Warning: Unknown child exclude_from_sim of symbol.
        Warning: Unknown child exclude_from_sim of symbol.
        Warning: Unknown child exclude_from_sim of symbol.
        Warning: Unknown child exclude_from_sim of symbol.
        Warning: Unknown child exclude_from_sim of symbol.
        Warning: Unknown child exclude_from_sim of symbol.
        Warning: Unknown child exclude_from_sim of symbol.
        Warning: Unknown child exclude_from_sim of symbol.
        Warning: Unknown child exclude_from_sim of symbol.
        Warning: Unknown child exclude_from_sim of symbol.
        Warning: Unknown child exclude_from_sim of symbol.
        Warning: Unknown child exclude_from_sim of symbol.
        Warning: Unknown child exclude_from_sim of symbol.
        Warning: Unknown child exclude_from_sim of symbol.
        Warning: Unknown child exclude_from_sim of symbol.
        Warning: Unknown child exclude_from_sim of symbol.
        Warning: Unknown child exclude_from_sim of symbol.
        Warning: Unknown child exclude_from_sim of symbol.
        Warning: Unknown child exclude_from_sim of symbol.
        Warning: Unknown child exclude_from_sim of symbol.
        Warning: Unknown child exclude_from_sim of symbol.
        Warning: Unknown child exclude_from_sim of symbol.
        Warning: Unknown child exclude_from_sim of symbol.
        Warning: Unknown child exclude_from_sim of symbol.
        Warning: Unknown child exclude_from_sim of symbol.
        Warning: Unknown child exclude_from_sim of symbol.
        Warning: Unknown child embedded_fonts of kicad_sch.
    EndSection
    Section : Loading Schematic - C:\Users\halvo\OneDrive\Documents\FPAA\Design\Circuit_board\FPAA_minidev\FPAA_minidev.kicad_sch
        Warning: Unknown child generator_version of kicad_sch.
        Warning: Unknown child exclude_from_sim of symbol.
        Warning: Unknown child embedded_fonts of symbol.
        Warning: Unknown child exclude_from_sim of symbol.
        Warning: Unknown child embedded_fonts of symbol.
        Warning: Unknown child exclude_from_sim of symbol.
        Warning: Unknown child embedded_fonts of symbol.
        Warning: Unknown child exclude_from_sim of symbol.
        Warning: Unknown child embedded_fonts of symbol.
        Warning: Unknown child exclude_from_sim of symbol.
        Warning: Unknown child embedded_fonts of symbol.
        Warning: Unknown child exclude_from_sim of symbol.
        Warning: Unknown child hide of pin.
        Warning: Unknown child embedded_fonts of symbol.
        Warning: Unknown child exclude_from_sim of symbol.
        Warning: Unknown child embedded_fonts of symbol.
        Warning: Unknown child exclude_from_sim of symbol.
        Warning: Unknown child embedded_fonts of symbol.
        Warning: Unknown child exclude_from_sim of symbol.
        Warning: Unknown child embedded_fonts of symbol.
        Warning: Unknown child exclude_from_sim of symbol.
        Warning: Unknown child exclude_from_sim of symbol.
        Warning: Unknown child exclude_from_sim of symbol.
        Warning: Unknown child exclude_from_sim of symbol.
        Warning: Unknown child exclude_from_sim of symbol.
        Warning: Unknown child exclude_from_sim of symbol.
        Warning: Unknown child exclude_from_sim of symbol.
        Warning: Unknown child exclude_from_sim of symbol.
        Warning: Unknown child exclude_from_sim of symbol.
        Warning: Unknown child exclude_from_sim of symbol.
        Warning: Unknown child exclude_from_sim of symbol.
        Warning: Unknown child exclude_from_sim of symbol.
        Warning: Unknown child exclude_from_sim of symbol.
        Warning: Unknown child exclude_from_sim of symbol.
        Warning: Unknown child exclude_from_sim of symbol.
        Warning: Unknown child exclude_from_sim of symbol.
        Warning: Unknown child exclude_from_sim of symbol.
        Warning: Unknown child exclude_from_sim of symbol.
        Warning: Unknown child exclude_from_sim of symbol.
        Warning: Unknown child exclude_from_sim of symbol.
        Warning: Unknown child exclude_from_sim of symbol.
        Warning: Unknown child exclude_from_sim of symbol.
        Warning: Unknown child exclude_from_sim of symbol.
        Warning: Unknown child exclude_from_sim of symbol.
        Warning: Unknown child exclude_from_sim of symbol.
        Warning: Unknown child exclude_from_sim of symbol.
        Warning: Unknown child exclude_from_sim of symbol.
        Warning: Unknown child exclude_from_sim of symbol.
        Warning: Unknown child exclude_from_sim of symbol.
        Warning: Unknown child exclude_from_sim of symbol.
        Warning: Unknown child exclude_from_sim of symbol.
        Warning: Unknown child exclude_from_sim of symbol.
        Warning: Unknown child exclude_from_sim of symbol.
        Warning: Unknown child exclude_from_sim of symbol.
        Warning: Unknown child exclude_from_sim of symbol.
        Warning: Unknown child exclude_from_sim of symbol.
        Warning: Unknown child exclude_from_sim of symbol.
        Warning: Unknown child exclude_from_sim of symbol.
        Warning: Unknown child exclude_from_sim of symbol.
        Warning: Unknown child exclude_from_sim of symbol.
        Warning: Unknown child embedded_fonts of kicad_sch.
    EndSection
